                                      1 ;--------------------------------------------------------
                                      2 ; File Created by SDCC : free open source ANSI-C Compiler
                                      3 ; Version 4.0.0 #11528 (Linux)
                                      4 ;--------------------------------------------------------
                                      5 	.module main
                                      6 	.optsdcc -mmcs51 --model-large
                                      7 	
                                      8 ;--------------------------------------------------------
                                      9 ; Public variables in this module
                                     10 ;--------------------------------------------------------
                                     11 	.globl _main
                                     12 	.globl _application_process_current_page
                                     13 	.globl _display_welcome_page
                                     14 	.globl _SSD1306_Init
                                     15 	.globl _get_stepper_state
                                     16 	.globl _stepper_motor_init
                                     17 	.globl _encoder_process
                                     18 	.globl _encoder_init
                                     19 	.globl _switch_init
                                     20 	.globl _buttons_process
                                     21 	.globl _buttons_init
                                     22 	.globl _global_timer_init
                                     23 	.globl _serialConsoleInitialise
                                     24 	.globl _delay1ms
                                     25 	.globl _printf
                                     26 	.globl _S1SM0_FE
                                     27 	.globl _T1IE
                                     28 	.globl _T0IE
                                     29 	.globl _T1RUN
                                     30 	.globl _T0RUN
                                     31 	.globl _CY
                                     32 	.globl _AC
                                     33 	.globl _F0
                                     34 	.globl _RS1
                                     35 	.globl _RS0
                                     36 	.globl _OV
                                     37 	.globl _F1
                                     38 	.globl _P
                                     39 	.globl _EA
                                     40 	.globl _INT1IE
                                     41 	.globl _INT0IE
                                     42 	.globl _INT1TR
                                     43 	.globl _INT0TR
                                     44 	.globl _P5_5
                                     45 	.globl _P5_4
                                     46 	.globl _P5_3
                                     47 	.globl _P5_2
                                     48 	.globl _P5_1
                                     49 	.globl _P5_0
                                     50 	.globl _P3_7
                                     51 	.globl _P3_6
                                     52 	.globl _P3_5
                                     53 	.globl _P3_4
                                     54 	.globl _P3_3
                                     55 	.globl _P3_2
                                     56 	.globl _P3_1
                                     57 	.globl _P3_0
                                     58 	.globl _P2_7
                                     59 	.globl _P2_6
                                     60 	.globl _P2_5
                                     61 	.globl _P2_4
                                     62 	.globl _P2_3
                                     63 	.globl _P2_2
                                     64 	.globl _P2_1
                                     65 	.globl _P2_0
                                     66 	.globl _P1_7
                                     67 	.globl _P1_6
                                     68 	.globl _P1_5
                                     69 	.globl _P1_4
                                     70 	.globl _P1_3
                                     71 	.globl _P1_2
                                     72 	.globl _P1_1
                                     73 	.globl _P1_0
                                     74 	.globl _USBADR
                                     75 	.globl _USBCON
                                     76 	.globl _USBDAT
                                     77 	.globl _USBCLK
                                     78 	.globl _S4BUF
                                     79 	.globl _S4CON
                                     80 	.globl _S3BUF
                                     81 	.globl _S3CON
                                     82 	.globl _S2BUF
                                     83 	.globl _S2CON
                                     84 	.globl _S1BUF
                                     85 	.globl _S1CON
                                     86 	.globl _SADEN
                                     87 	.globl _SADDR
                                     88 	.globl _AUXINTIF
                                     89 	.globl _T3
                                     90 	.globl _T3L
                                     91 	.globl _T3H
                                     92 	.globl _T4
                                     93 	.globl _T4L
                                     94 	.globl _T4H
                                     95 	.globl _T4T3M
                                     96 	.globl _WDT_CONTR
                                     97 	.globl _AUXR
                                     98 	.globl _T2
                                     99 	.globl _T2H
                                    100 	.globl _T2L
                                    101 	.globl _T1
                                    102 	.globl _T1H
                                    103 	.globl _T1L
                                    104 	.globl _T0
                                    105 	.globl _T0H
                                    106 	.globl _T0L
                                    107 	.globl _TMOD
                                    108 	.globl _TCON
                                    109 	.globl _IRTRIM
                                    110 	.globl _LIRTRIM
                                    111 	.globl _IRCBAND
                                    112 	.globl _SPDAT
                                    113 	.globl _SPCTL
                                    114 	.globl _SPSTAT
                                    115 	.globl _WKTC
                                    116 	.globl _WKTCH
                                    117 	.globl _WKTCL
                                    118 	.globl _BUS_SPEED
                                    119 	.globl _P_SW2
                                    120 	.globl _P_SW1
                                    121 	.globl _RSTCFG
                                    122 	.globl _PCON
                                    123 	.globl _B
                                    124 	.globl _ACC
                                    125 	.globl _PSW
                                    126 	.globl _SP
                                    127 	.globl _IP3H
                                    128 	.globl _IP3L
                                    129 	.globl _IP2H
                                    130 	.globl _IP2L
                                    131 	.globl _IE2
                                    132 	.globl _IP1H
                                    133 	.globl _IP1L
                                    134 	.globl _IE1
                                    135 	.globl _INT_CLKO
                                    136 	.globl _IAP_TPS
                                    137 	.globl _IAP_CONTR
                                    138 	.globl _IAP_TRIG
                                    139 	.globl _IAP_CMD
                                    140 	.globl _IAP_ADDR
                                    141 	.globl _IAP_ADDRL
                                    142 	.globl _IAP_ADDRH
                                    143 	.globl _IAP_DATA
                                    144 	.globl _P5M0
                                    145 	.globl _P5M1
                                    146 	.globl _P5
                                    147 	.globl _P3M0
                                    148 	.globl _P3M1
                                    149 	.globl _P3
                                    150 	.globl _P2M0
                                    151 	.globl _P2M1
                                    152 	.globl _P2
                                    153 	.globl _P1M0
                                    154 	.globl _P1M1
                                    155 	.globl _P1
                                    156 	.globl _TA
                                    157 	.globl _DPH1
                                    158 	.globl _DPL1
                                    159 	.globl _DPS
                                    160 	.globl _DP
                                    161 	.globl _DPH
                                    162 	.globl _DPL
                                    163 	.globl _CMPCR2
                                    164 	.globl _CMPCR1
                                    165 	.globl _DMA_ADC_AMT
                                    166 	.globl _ADCCFG
                                    167 	.globl _ADC_RES
                                    168 	.globl _ADC_RESL
                                    169 	.globl _ADC_RESH
                                    170 	.globl _ADC_CONTR
                                    171 	.globl _DMA_UR4R_TXAL
                                    172 	.globl _DMA_UR4R_TXAH
                                    173 	.globl _DMA_UR4R_DONE
                                    174 	.globl _DMA_UR4R_AMT
                                    175 	.globl _DMA_UR4R_STA
                                    176 	.globl _DMA_UR4R_CR
                                    177 	.globl _DMA_UR4R_CFG
                                    178 	.globl _DMA_UR4T_TXAL
                                    179 	.globl _DMA_UR4T_TXAH
                                    180 	.globl _DMA_UR4T_DONE
                                    181 	.globl _DMA_UR4T_AMT
                                    182 	.globl _DMA_UR4T_STA
                                    183 	.globl _DMA_UR4T_CR
                                    184 	.globl _DMA_UR4T_CFG
                                    185 	.globl _DMA_UR3R_TXAL
                                    186 	.globl _DMA_UR3R_TXAH
                                    187 	.globl _DMA_UR3R_DONE
                                    188 	.globl _DMA_UR3R_AMT
                                    189 	.globl _DMA_UR3R_STA
                                    190 	.globl _DMA_UR3R_CR
                                    191 	.globl _DMA_UR3R_CFG
                                    192 	.globl _DMA_UR3T_TXAL
                                    193 	.globl _DMA_UR3T_TXAH
                                    194 	.globl _DMA_UR3T_DONE
                                    195 	.globl _DMA_UR3T_AMT
                                    196 	.globl _DMA_UR3T_STA
                                    197 	.globl _DMA_UR3T_CR
                                    198 	.globl _DMA_UR3T_CFG
                                    199 	.globl _DMA_UR2R_TXAL
                                    200 	.globl _DMA_UR2R_TXAH
                                    201 	.globl _DMA_UR2R_DONE
                                    202 	.globl _DMA_UR2R_AMT
                                    203 	.globl _DMA_UR2R_STA
                                    204 	.globl _DMA_UR2R_CR
                                    205 	.globl _DMA_UR2R_CFG
                                    206 	.globl _DMA_UR2T_TXAL
                                    207 	.globl _DMA_UR2T_TXAH
                                    208 	.globl _DMA_UR2T_DONE
                                    209 	.globl _DMA_UR2T_AMT
                                    210 	.globl _DMA_UR2T_STA
                                    211 	.globl _DMA_UR2T_CR
                                    212 	.globl _DMA_UR2T_CFG
                                    213 	.globl _DMA_UR1R_TXAL
                                    214 	.globl _DMA_UR1R_TXAH
                                    215 	.globl _DMA_UR1R_DONE
                                    216 	.globl _DMA_UR1R_AMT
                                    217 	.globl _DMA_UR1R_STA
                                    218 	.globl _DMA_UR1R_CR
                                    219 	.globl _DMA_UR1R_CFG
                                    220 	.globl _DMA_UR1T_TXAL
                                    221 	.globl _DMA_UR1T_TXAH
                                    222 	.globl _DMA_UR1T_DONE
                                    223 	.globl _DMA_URTX_AMT
                                    224 	.globl _DMA_UR1T_STA
                                    225 	.globl _DMA_UR1T_CR
                                    226 	.globl _DMA_UR1T_CFG
                                    227 	.globl _TM4PS
                                    228 	.globl _TM3PS
                                    229 	.globl _TM2PS
                                    230 	.globl _IRC48MCR
                                    231 	.globl _IRCDB
                                    232 	.globl _MCLKOCR
                                    233 	.globl _CKSEL
                                    234 	.globl _IRC32KCR
                                    235 	.globl _XOSCCR
                                    236 	.globl _HIRCCR
                                    237 	.globl _CLKDIV
                                    238 	.globl _DMA_SPI_CFG2
                                    239 	.globl _DMA_SPI_RXAL
                                    240 	.globl _DMA_SPI_RXAH
                                    241 	.globl _DMA_SPI_TXAL
                                    242 	.globl _DMA_SPI_TXAH
                                    243 	.globl _DMA_SPI_DONE
                                    244 	.globl _DMA_SPI_AMT
                                    245 	.globl _DMA_SPI_STA
                                    246 	.globl _DMA_SPI_CR
                                    247 	.globl _DMA_SPI_CFG
                                    248 	.globl _SSEC
                                    249 	.globl _SEC
                                    250 	.globl _MIN
                                    251 	.globl _HOUR
                                    252 	.globl _DAY
                                    253 	.globl _MONTH
                                    254 	.globl _YEAR
                                    255 	.globl _INISSEC
                                    256 	.globl _INISEC
                                    257 	.globl _INIMIN
                                    258 	.globl _INIHOUR
                                    259 	.globl _INIDAY
                                    260 	.globl _INIMONTH
                                    261 	.globl _INIYEAR
                                    262 	.globl _ALASSEC
                                    263 	.globl _ALASEC
                                    264 	.globl _ALAMIN
                                    265 	.globl _ALAHOUR
                                    266 	.globl _RTCIF
                                    267 	.globl _RTCIEN
                                    268 	.globl _RTCCFG
                                    269 	.globl _RTCCR
                                    270 	.globl _PWMB_OISR
                                    271 	.globl _PWMB_DTR
                                    272 	.globl _PWMB_BKR
                                    273 	.globl _PWMB_CCR4L
                                    274 	.globl _PWMB_CCR4H
                                    275 	.globl _PWMB_CCR3L
                                    276 	.globl _PWMB_CCR3H
                                    277 	.globl _PWMB_CCR2L
                                    278 	.globl _PWMB_CCR2H
                                    279 	.globl _PWMB_CCR1L
                                    280 	.globl _PWMB_CCR1H
                                    281 	.globl _PWMB_RCR
                                    282 	.globl _PWMB_ARRL
                                    283 	.globl _PWMB_ARRH
                                    284 	.globl _PWMB_PSCRL
                                    285 	.globl _PWMB_PSCRH
                                    286 	.globl _PWMB_CNTRL
                                    287 	.globl _PWMB_CNTRH
                                    288 	.globl _PWMB_CCER2
                                    289 	.globl _PWMB_CCER1
                                    290 	.globl _PWMB_CCMR4
                                    291 	.globl _PWMB_CCMR3
                                    292 	.globl _PWMB_CCMR2
                                    293 	.globl _PWMB_CCMR1
                                    294 	.globl _PWMB_EGR
                                    295 	.globl _PWMB_SR2
                                    296 	.globl _PWMB_SR1
                                    297 	.globl _PWMB_IER
                                    298 	.globl _PWMB_ETR
                                    299 	.globl _PWMB_SMCR
                                    300 	.globl _PWMB_CR2
                                    301 	.globl _PWMB_CR1
                                    302 	.globl _PWMA_OISR
                                    303 	.globl _PWMA_DTR
                                    304 	.globl _PWMA_BKR
                                    305 	.globl _PWMA_CCR4L
                                    306 	.globl _PWMA_CCR4H
                                    307 	.globl _PWMA_CCR3L
                                    308 	.globl _PWMA_CCR3H
                                    309 	.globl _PWMA_CCR2L
                                    310 	.globl _PWMA_CCR2H
                                    311 	.globl _PWMA_CCR1L
                                    312 	.globl _PWMA_CCR1H
                                    313 	.globl _PWMA_RCR
                                    314 	.globl _PWMA_ARRL
                                    315 	.globl _PWMA_ARRH
                                    316 	.globl _PWMA_PSCRL
                                    317 	.globl _PWMA_PSCRH
                                    318 	.globl _PWMA_CNTRL
                                    319 	.globl _PWMA_CNTRH
                                    320 	.globl _PWMA_CCER2
                                    321 	.globl _PWMA_CCER1
                                    322 	.globl _PWMA_CCMR4
                                    323 	.globl _PWMA_CCMR3
                                    324 	.globl _PWMA_CCMR2
                                    325 	.globl _PWMA_CCMR1
                                    326 	.globl _PWMA_EGR
                                    327 	.globl _PWMA_SR2
                                    328 	.globl _PWMA_SR1
                                    329 	.globl _PWMA_IER
                                    330 	.globl _PWMA_ETR
                                    331 	.globl _PWMA_SMCR
                                    332 	.globl _PWMA_CR2
                                    333 	.globl _PWMA_CR1
                                    334 	.globl _PWMB_IOAUX
                                    335 	.globl _PWMB_PS
                                    336 	.globl _PWMB_ENO
                                    337 	.globl _PWMB_ETRPS
                                    338 	.globl _PWMA_IOAUX
                                    339 	.globl _PWMA_PS
                                    340 	.globl _PWMA_ENO
                                    341 	.globl _PWMA_ETRPS
                                    342 	.globl _RSTFLAG
                                    343 	.globl _SPFUNC
                                    344 	.globl _OPCON
                                    345 	.globl _ARCON
                                    346 	.globl _MD4
                                    347 	.globl _MD5
                                    348 	.globl _MD0
                                    349 	.globl _MD1
                                    350 	.globl _MD2
                                    351 	.globl _MD3
                                    352 	.globl _DMA_LCM_RXAL
                                    353 	.globl _DMA_LCM_RXAH
                                    354 	.globl _DMA_LCM_TXAL
                                    355 	.globl _DMA_LCM_TXAH
                                    356 	.globl _DMA_LCM_DONE
                                    357 	.globl _DMA_LCM_AMT
                                    358 	.globl _DMA_LCM_STA
                                    359 	.globl _DMA_LCM_CR
                                    360 	.globl _DMA_LCM_CFG
                                    361 	.globl _LCMIDDAT
                                    362 	.globl _LCMIDDATH
                                    363 	.globl _LCMIDDATL
                                    364 	.globl _LCMSTA
                                    365 	.globl _LCMCR
                                    366 	.globl _LCMCFG2
                                    367 	.globl _LCMCFG
                                    368 	.globl _I2CMSAUX
                                    369 	.globl _I2CRXD
                                    370 	.globl _I2CTXD
                                    371 	.globl _I2CSLADR
                                    372 	.globl _I2CSLST
                                    373 	.globl _I2CSLCR
                                    374 	.globl _I2CMSST
                                    375 	.globl _I2CMSCR
                                    376 	.globl _I2CCFG
                                    377 	.globl _PINIPH
                                    378 	.globl _PINIPL
                                    379 	.globl _P5IE
                                    380 	.globl _P5DR
                                    381 	.globl _P5SR
                                    382 	.globl _P5NCS
                                    383 	.globl _P5PU
                                    384 	.globl _P5WKUE
                                    385 	.globl _P5IM1
                                    386 	.globl _P5IM0
                                    387 	.globl _P5INTF
                                    388 	.globl _P5INTE
                                    389 	.globl _P3IE
                                    390 	.globl _P3DR
                                    391 	.globl _P3SR
                                    392 	.globl _P3NCS
                                    393 	.globl _P3PU
                                    394 	.globl _P3WKUE
                                    395 	.globl _P3IM1
                                    396 	.globl _P3IM0
                                    397 	.globl _P3INTF
                                    398 	.globl _P3INTE
                                    399 	.globl _P2IE
                                    400 	.globl _P2DR
                                    401 	.globl _P2SR
                                    402 	.globl _P2NCS
                                    403 	.globl _P2PU
                                    404 	.globl _P2WKUE
                                    405 	.globl _P2IM1
                                    406 	.globl _P2IM0
                                    407 	.globl _P2INTF
                                    408 	.globl _P2INTE
                                    409 	.globl _P1IE
                                    410 	.globl _P1DR
                                    411 	.globl _P1SR
                                    412 	.globl _P1NCS
                                    413 	.globl _P1PU
                                    414 	.globl _P1WKUE
                                    415 	.globl _P1IM1
                                    416 	.globl _P1IM0
                                    417 	.globl _P1INTF
                                    418 	.globl _P1INTE
                                    419 	.globl _DMA_M2M_RXAL
                                    420 	.globl _DMA_M2M_RXAH
                                    421 	.globl _DMA_M2M_TXAL
                                    422 	.globl _DMA_M2M_TXAH
                                    423 	.globl _DMA_M2M_DONE
                                    424 	.globl _DMA_M2M_AMT
                                    425 	.globl _DMA_M2M_STA
                                    426 	.globl _DMA_M2M_CR
                                    427 	.globl _DMA_M2M_CFG
                                    428 	.globl _CMPEXCFG
                                    429 	.globl _DMA_ADC_CHSW1
                                    430 	.globl _DMA_ADC_CHSW0
                                    431 	.globl _DMA_ADC_CFG2
                                    432 	.globl _DMA_ADC_RXAL
                                    433 	.globl _DMA_ADC_RXAH
                                    434 	.globl _DMA_ADC_STA
                                    435 	.globl _DMA_ADC_CR
                                    436 	.globl _DMA_ADC_CFG
                                    437 	.globl _ADCEXCFG
                                    438 	.globl _ADCTIM
                                    439 ;--------------------------------------------------------
                                    440 ; special function registers
                                    441 ;--------------------------------------------------------
                                    442 	.area RSEG    (ABS,DATA)
      000000                        443 	.org 0x0000
                           0000BC   444 _ADC_CONTR	=	0x00bc
                           0000BD   445 _ADC_RESH	=	0x00bd
                           0000BE   446 _ADC_RESL	=	0x00be
                           00BDBE   447 _ADC_RES	=	0xbdbe
                           0000DE   448 _ADCCFG	=	0x00de
                           0000FA   449 _DMA_ADC_AMT	=	0x00fa
                           0000E6   450 _CMPCR1	=	0x00e6
                           0000E7   451 _CMPCR2	=	0x00e7
                           000082   452 _DPL	=	0x0082
                           000083   453 _DPH	=	0x0083
                           008382   454 _DP	=	0x8382
                           0000E3   455 _DPS	=	0x00e3
                           0000E4   456 _DPL1	=	0x00e4
                           0000E5   457 _DPH1	=	0x00e5
                           0000AE   458 _TA	=	0x00ae
                           000090   459 _P1	=	0x0090
                           000091   460 _P1M1	=	0x0091
                           000092   461 _P1M0	=	0x0092
                           0000A0   462 _P2	=	0x00a0
                           000095   463 _P2M1	=	0x0095
                           000096   464 _P2M0	=	0x0096
                           0000B0   465 _P3	=	0x00b0
                           0000B1   466 _P3M1	=	0x00b1
                           0000B2   467 _P3M0	=	0x00b2
                           0000C8   468 _P5	=	0x00c8
                           0000C9   469 _P5M1	=	0x00c9
                           0000CA   470 _P5M0	=	0x00ca
                           0000C2   471 _IAP_DATA	=	0x00c2
                           0000C3   472 _IAP_ADDRH	=	0x00c3
                           0000C4   473 _IAP_ADDRL	=	0x00c4
                           00C3C4   474 _IAP_ADDR	=	0xc3c4
                           0000C5   475 _IAP_CMD	=	0x00c5
                           0000C6   476 _IAP_TRIG	=	0x00c6
                           0000C7   477 _IAP_CONTR	=	0x00c7
                           0000F5   478 _IAP_TPS	=	0x00f5
                           00008F   479 _INT_CLKO	=	0x008f
                           0000A8   480 _IE1	=	0x00a8
                           0000B8   481 _IP1L	=	0x00b8
                           0000B7   482 _IP1H	=	0x00b7
                           0000AF   483 _IE2	=	0x00af
                           0000B5   484 _IP2L	=	0x00b5
                           0000B6   485 _IP2H	=	0x00b6
                           0000DF   486 _IP3L	=	0x00df
                           0000EE   487 _IP3H	=	0x00ee
                           000081   488 _SP	=	0x0081
                           0000D0   489 _PSW	=	0x00d0
                           0000E0   490 _ACC	=	0x00e0
                           0000F0   491 _B	=	0x00f0
                           000087   492 _PCON	=	0x0087
                           0000FF   493 _RSTCFG	=	0x00ff
                           0000A2   494 _P_SW1	=	0x00a2
                           0000BA   495 _P_SW2	=	0x00ba
                           0000A1   496 _BUS_SPEED	=	0x00a1
                           0000AA   497 _WKTCL	=	0x00aa
                           0000AB   498 _WKTCH	=	0x00ab
                           00ABAA   499 _WKTC	=	0xabaa
                           0000CD   500 _SPSTAT	=	0x00cd
                           0000CE   501 _SPCTL	=	0x00ce
                           0000CF   502 _SPDAT	=	0x00cf
                           00009D   503 _IRCBAND	=	0x009d
                           00009E   504 _LIRTRIM	=	0x009e
                           00009F   505 _IRTRIM	=	0x009f
                           000088   506 _TCON	=	0x0088
                           000089   507 _TMOD	=	0x0089
                           00008A   508 _T0L	=	0x008a
                           00008C   509 _T0H	=	0x008c
                           008C8A   510 _T0	=	0x8c8a
                           00008B   511 _T1L	=	0x008b
                           00008D   512 _T1H	=	0x008d
                           008D8B   513 _T1	=	0x8d8b
                           0000D7   514 _T2L	=	0x00d7
                           0000D6   515 _T2H	=	0x00d6
                           00D6D7   516 _T2	=	0xd6d7
                           00008E   517 _AUXR	=	0x008e
                           0000C1   518 _WDT_CONTR	=	0x00c1
                           0000D1   519 _T4T3M	=	0x00d1
                           0000D2   520 _T4H	=	0x00d2
                           0000D3   521 _T4L	=	0x00d3
                           00D2D3   522 _T4	=	0xd2d3
                           0000D4   523 _T3H	=	0x00d4
                           0000D5   524 _T3L	=	0x00d5
                           00D4D5   525 _T3	=	0xd4d5
                           0000EF   526 _AUXINTIF	=	0x00ef
                           0000A9   527 _SADDR	=	0x00a9
                           0000B9   528 _SADEN	=	0x00b9
                           000098   529 _S1CON	=	0x0098
                           000099   530 _S1BUF	=	0x0099
                           00009A   531 _S2CON	=	0x009a
                           00009B   532 _S2BUF	=	0x009b
                           0000AC   533 _S3CON	=	0x00ac
                           0000AD   534 _S3BUF	=	0x00ad
                           000084   535 _S4CON	=	0x0084
                           000085   536 _S4BUF	=	0x0085
                           0000DC   537 _USBCLK	=	0x00dc
                           0000EC   538 _USBDAT	=	0x00ec
                           0000F4   539 _USBCON	=	0x00f4
                           0000FC   540 _USBADR	=	0x00fc
                                    541 ;--------------------------------------------------------
                                    542 ; special function bits
                                    543 ;--------------------------------------------------------
                                    544 	.area RSEG    (ABS,DATA)
      000000                        545 	.org 0x0000
                           000090   546 _P1_0	=	0x0090
                           000091   547 _P1_1	=	0x0091
                           000092   548 _P1_2	=	0x0092
                           000093   549 _P1_3	=	0x0093
                           000094   550 _P1_4	=	0x0094
                           000095   551 _P1_5	=	0x0095
                           000096   552 _P1_6	=	0x0096
                           000097   553 _P1_7	=	0x0097
                           0000A0   554 _P2_0	=	0x00a0
                           0000A1   555 _P2_1	=	0x00a1
                           0000A2   556 _P2_2	=	0x00a2
                           0000A3   557 _P2_3	=	0x00a3
                           0000A4   558 _P2_4	=	0x00a4
                           0000A5   559 _P2_5	=	0x00a5
                           0000A6   560 _P2_6	=	0x00a6
                           0000A7   561 _P2_7	=	0x00a7
                           0000B0   562 _P3_0	=	0x00b0
                           0000B1   563 _P3_1	=	0x00b1
                           0000B2   564 _P3_2	=	0x00b2
                           0000B3   565 _P3_3	=	0x00b3
                           0000B4   566 _P3_4	=	0x00b4
                           0000B5   567 _P3_5	=	0x00b5
                           0000B6   568 _P3_6	=	0x00b6
                           0000B7   569 _P3_7	=	0x00b7
                           0000C8   570 _P5_0	=	0x00c8
                           0000C9   571 _P5_1	=	0x00c9
                           0000CA   572 _P5_2	=	0x00ca
                           0000CB   573 _P5_3	=	0x00cb
                           0000CC   574 _P5_4	=	0x00cc
                           0000CD   575 _P5_5	=	0x00cd
                           000088   576 _INT0TR	=	0x0088
                           00008A   577 _INT1TR	=	0x008a
                           0000A8   578 _INT0IE	=	0x00a8
                           0000AA   579 _INT1IE	=	0x00aa
                           0000AF   580 _EA	=	0x00af
                           0000D0   581 _P	=	0x00d0
                           0000D1   582 _F1	=	0x00d1
                           0000D2   583 _OV	=	0x00d2
                           0000D3   584 _RS0	=	0x00d3
                           0000D4   585 _RS1	=	0x00d4
                           0000D5   586 _F0	=	0x00d5
                           0000D6   587 _AC	=	0x00d6
                           0000D7   588 _CY	=	0x00d7
                           00008C   589 _T0RUN	=	0x008c
                           00008E   590 _T1RUN	=	0x008e
                           0000A9   591 _T0IE	=	0x00a9
                           0000AB   592 _T1IE	=	0x00ab
                           00009F   593 _S1SM0_FE	=	0x009f
                                    594 ;--------------------------------------------------------
                                    595 ; overlayable register banks
                                    596 ;--------------------------------------------------------
                                    597 	.area REG_BANK_0	(REL,OVR,DATA)
      000000                        598 	.ds 8
                                    599 ;--------------------------------------------------------
                                    600 ; internal ram data
                                    601 ;--------------------------------------------------------
                                    602 	.area DSEG    (DATA)
                                    603 ;--------------------------------------------------------
                                    604 ; overlayable items in internal ram 
                                    605 ;--------------------------------------------------------
                                    606 ;--------------------------------------------------------
                                    607 ; Stack segment in internal ram 
                                    608 ;--------------------------------------------------------
                                    609 	.area	SSEG
      000000                        610 __start__stack:
      000000                        611 	.ds	1
                                    612 
                                    613 ;--------------------------------------------------------
                                    614 ; indirectly addressable internal ram data
                                    615 ;--------------------------------------------------------
                                    616 	.area ISEG    (DATA)
                                    617 ;--------------------------------------------------------
                                    618 ; absolute internal ram data
                                    619 ;--------------------------------------------------------
                                    620 	.area IABS    (ABS,DATA)
                                    621 	.area IABS    (ABS,DATA)
                                    622 ;--------------------------------------------------------
                                    623 ; bit data
                                    624 ;--------------------------------------------------------
                                    625 	.area BSEG    (BIT)
                                    626 ;--------------------------------------------------------
                                    627 ; paged external ram data
                                    628 ;--------------------------------------------------------
                                    629 	.area PSEG    (PAG,XDATA)
                                    630 ;--------------------------------------------------------
                                    631 ; external ram data
                                    632 ;--------------------------------------------------------
                                    633 	.area XSEG    (XDATA)
                           00FEA8   634 _ADCTIM	=	0xfea8
                           00FEAD   635 _ADCEXCFG	=	0xfead
                           00FA10   636 _DMA_ADC_CFG	=	0xfa10
                           00FA11   637 _DMA_ADC_CR	=	0xfa11
                           00FA12   638 _DMA_ADC_STA	=	0xfa12
                           00FA17   639 _DMA_ADC_RXAH	=	0xfa17
                           00FA18   640 _DMA_ADC_RXAL	=	0xfa18
                           00FA19   641 _DMA_ADC_CFG2	=	0xfa19
                           00FA1A   642 _DMA_ADC_CHSW0	=	0xfa1a
                           00FA1B   643 _DMA_ADC_CHSW1	=	0xfa1b
                           00FEAE   644 _CMPEXCFG	=	0xfeae
                           00FA00   645 _DMA_M2M_CFG	=	0xfa00
                           00FA01   646 _DMA_M2M_CR	=	0xfa01
                           00FA02   647 _DMA_M2M_STA	=	0xfa02
                           00FA03   648 _DMA_M2M_AMT	=	0xfa03
                           00FA04   649 _DMA_M2M_DONE	=	0xfa04
                           00FA05   650 _DMA_M2M_TXAH	=	0xfa05
                           00FA06   651 _DMA_M2M_TXAL	=	0xfa06
                           00FA07   652 _DMA_M2M_RXAH	=	0xfa07
                           00FA08   653 _DMA_M2M_RXAL	=	0xfa08
                           00FD01   654 _P1INTE	=	0xfd01
                           00FD11   655 _P1INTF	=	0xfd11
                           00FD21   656 _P1IM0	=	0xfd21
                           00FD31   657 _P1IM1	=	0xfd31
                           00FD41   658 _P1WKUE	=	0xfd41
                           00FE11   659 _P1PU	=	0xfe11
                           00FE19   660 _P1NCS	=	0xfe19
                           00FE21   661 _P1SR	=	0xfe21
                           00FE29   662 _P1DR	=	0xfe29
                           00FE31   663 _P1IE	=	0xfe31
                           00FD02   664 _P2INTE	=	0xfd02
                           00FD12   665 _P2INTF	=	0xfd12
                           00FD22   666 _P2IM0	=	0xfd22
                           00FD32   667 _P2IM1	=	0xfd32
                           00FD42   668 _P2WKUE	=	0xfd42
                           00FE12   669 _P2PU	=	0xfe12
                           00FE1A   670 _P2NCS	=	0xfe1a
                           00FE22   671 _P2SR	=	0xfe22
                           00FE2A   672 _P2DR	=	0xfe2a
                           00FE32   673 _P2IE	=	0xfe32
                           00FD03   674 _P3INTE	=	0xfd03
                           00FD13   675 _P3INTF	=	0xfd13
                           00FD23   676 _P3IM0	=	0xfd23
                           00FD33   677 _P3IM1	=	0xfd33
                           00FD43   678 _P3WKUE	=	0xfd43
                           00FE13   679 _P3PU	=	0xfe13
                           00FE1B   680 _P3NCS	=	0xfe1b
                           00FE23   681 _P3SR	=	0xfe23
                           00FE2B   682 _P3DR	=	0xfe2b
                           00FE33   683 _P3IE	=	0xfe33
                           00FD05   684 _P5INTE	=	0xfd05
                           00FD15   685 _P5INTF	=	0xfd15
                           00FD25   686 _P5IM0	=	0xfd25
                           00FD35   687 _P5IM1	=	0xfd35
                           00FD45   688 _P5WKUE	=	0xfd45
                           00FE15   689 _P5PU	=	0xfe15
                           00FE1D   690 _P5NCS	=	0xfe1d
                           00FE25   691 _P5SR	=	0xfe25
                           00FE2D   692 _P5DR	=	0xfe2d
                           00FE35   693 _P5IE	=	0xfe35
                           00FD60   694 _PINIPL	=	0xfd60
                           00FD61   695 _PINIPH	=	0xfd61
                           00FE80   696 _I2CCFG	=	0xfe80
                           00FE81   697 _I2CMSCR	=	0xfe81
                           00FE82   698 _I2CMSST	=	0xfe82
                           00FE83   699 _I2CSLCR	=	0xfe83
                           00FE84   700 _I2CSLST	=	0xfe84
                           00FE85   701 _I2CSLADR	=	0xfe85
                           00FE86   702 _I2CTXD	=	0xfe86
                           00FE87   703 _I2CRXD	=	0xfe87
                           00FE88   704 _I2CMSAUX	=	0xfe88
                           00FE50   705 _LCMCFG	=	0xfe50
                           00FE51   706 _LCMCFG2	=	0xfe51
                           00FE52   707 _LCMCR	=	0xfe52
                           00FE53   708 _LCMSTA	=	0xfe53
                           00FE54   709 _LCMIDDATL	=	0xfe54
                           00FE55   710 _LCMIDDATH	=	0xfe55
                           00FE54   711 _LCMIDDAT	=	0xfe54
                           00FA70   712 _DMA_LCM_CFG	=	0xfa70
                           00FA71   713 _DMA_LCM_CR	=	0xfa71
                           00FA72   714 _DMA_LCM_STA	=	0xfa72
                           00FA73   715 _DMA_LCM_AMT	=	0xfa73
                           00FA74   716 _DMA_LCM_DONE	=	0xfa74
                           00FA75   717 _DMA_LCM_TXAH	=	0xfa75
                           00FA76   718 _DMA_LCM_TXAL	=	0xfa76
                           00FA77   719 _DMA_LCM_RXAH	=	0xfa77
                           00FA78   720 _DMA_LCM_RXAL	=	0xfa78
                           00FCF0   721 _MD3	=	0xfcf0
                           00FCF1   722 _MD2	=	0xfcf1
                           00FCF2   723 _MD1	=	0xfcf2
                           00FCF3   724 _MD0	=	0xfcf3
                           00FCF4   725 _MD5	=	0xfcf4
                           00FCF5   726 _MD4	=	0xfcf5
                           00FCF6   727 _ARCON	=	0xfcf6
                           00FCF7   728 _OPCON	=	0xfcf7
                           00FE08   729 _SPFUNC	=	0xfe08
                           00FE09   730 _RSTFLAG	=	0xfe09
                           00FEB0   731 _PWMA_ETRPS	=	0xfeb0
                           00FEB1   732 _PWMA_ENO	=	0xfeb1
                           00FEB2   733 _PWMA_PS	=	0xfeb2
                           00FEB3   734 _PWMA_IOAUX	=	0xfeb3
                           00FEB4   735 _PWMB_ETRPS	=	0xfeb4
                           00FEB5   736 _PWMB_ENO	=	0xfeb5
                           00FEB6   737 _PWMB_PS	=	0xfeb6
                           00FEB7   738 _PWMB_IOAUX	=	0xfeb7
                           00FEC0   739 _PWMA_CR1	=	0xfec0
                           00FEC1   740 _PWMA_CR2	=	0xfec1
                           00FEC2   741 _PWMA_SMCR	=	0xfec2
                           00FEC3   742 _PWMA_ETR	=	0xfec3
                           00FEC4   743 _PWMA_IER	=	0xfec4
                           00FEC5   744 _PWMA_SR1	=	0xfec5
                           00FEC6   745 _PWMA_SR2	=	0xfec6
                           00FEC7   746 _PWMA_EGR	=	0xfec7
                           00FEC8   747 _PWMA_CCMR1	=	0xfec8
                           00FEC9   748 _PWMA_CCMR2	=	0xfec9
                           00FECA   749 _PWMA_CCMR3	=	0xfeca
                           00FECB   750 _PWMA_CCMR4	=	0xfecb
                           00FECC   751 _PWMA_CCER1	=	0xfecc
                           00FECD   752 _PWMA_CCER2	=	0xfecd
                           00FECE   753 _PWMA_CNTRH	=	0xfece
                           00FECF   754 _PWMA_CNTRL	=	0xfecf
                           00FED0   755 _PWMA_PSCRH	=	0xfed0
                           00FED1   756 _PWMA_PSCRL	=	0xfed1
                           00FED2   757 _PWMA_ARRH	=	0xfed2
                           00FED3   758 _PWMA_ARRL	=	0xfed3
                           00FED4   759 _PWMA_RCR	=	0xfed4
                           00FED5   760 _PWMA_CCR1H	=	0xfed5
                           00FED6   761 _PWMA_CCR1L	=	0xfed6
                           00FED7   762 _PWMA_CCR2H	=	0xfed7
                           00FED8   763 _PWMA_CCR2L	=	0xfed8
                           00FED9   764 _PWMA_CCR3H	=	0xfed9
                           00FEDA   765 _PWMA_CCR3L	=	0xfeda
                           00FEDB   766 _PWMA_CCR4H	=	0xfedb
                           00FEDC   767 _PWMA_CCR4L	=	0xfedc
                           00FEDD   768 _PWMA_BKR	=	0xfedd
                           00FEDE   769 _PWMA_DTR	=	0xfede
                           00FEDF   770 _PWMA_OISR	=	0xfedf
                           00FEE0   771 _PWMB_CR1	=	0xfee0
                           00FEE1   772 _PWMB_CR2	=	0xfee1
                           00FEE2   773 _PWMB_SMCR	=	0xfee2
                           00FEE3   774 _PWMB_ETR	=	0xfee3
                           00FEE4   775 _PWMB_IER	=	0xfee4
                           00FEE5   776 _PWMB_SR1	=	0xfee5
                           00FEE6   777 _PWMB_SR2	=	0xfee6
                           00FEE7   778 _PWMB_EGR	=	0xfee7
                           00FEE8   779 _PWMB_CCMR1	=	0xfee8
                           00FEE9   780 _PWMB_CCMR2	=	0xfee9
                           00FEEA   781 _PWMB_CCMR3	=	0xfeea
                           00FEEB   782 _PWMB_CCMR4	=	0xfeeb
                           00FEEC   783 _PWMB_CCER1	=	0xfeec
                           00FEED   784 _PWMB_CCER2	=	0xfeed
                           00FEEE   785 _PWMB_CNTRH	=	0xfeee
                           00FEEF   786 _PWMB_CNTRL	=	0xfeef
                           00FEF0   787 _PWMB_PSCRH	=	0xfef0
                           00FEF1   788 _PWMB_PSCRL	=	0xfef1
                           00FEF2   789 _PWMB_ARRH	=	0xfef2
                           00FEF3   790 _PWMB_ARRL	=	0xfef3
                           00FEF4   791 _PWMB_RCR	=	0xfef4
                           00FEF5   792 _PWMB_CCR1H	=	0xfef5
                           00FEF6   793 _PWMB_CCR1L	=	0xfef6
                           00FEF7   794 _PWMB_CCR2H	=	0xfef7
                           00FEF8   795 _PWMB_CCR2L	=	0xfef8
                           00FEF9   796 _PWMB_CCR3H	=	0xfef9
                           00FEFA   797 _PWMB_CCR3L	=	0xfefa
                           00FEFB   798 _PWMB_CCR4H	=	0xfefb
                           00FEFC   799 _PWMB_CCR4L	=	0xfefc
                           00FEFD   800 _PWMB_BKR	=	0xfefd
                           00FEFE   801 _PWMB_DTR	=	0xfefe
                           00FEFF   802 _PWMB_OISR	=	0xfeff
                           00FE60   803 _RTCCR	=	0xfe60
                           00FE61   804 _RTCCFG	=	0xfe61
                           00FE62   805 _RTCIEN	=	0xfe62
                           00FE63   806 _RTCIF	=	0xfe63
                           00FE64   807 _ALAHOUR	=	0xfe64
                           00FE65   808 _ALAMIN	=	0xfe65
                           00FE66   809 _ALASEC	=	0xfe66
                           00FE67   810 _ALASSEC	=	0xfe67
                           00FE68   811 _INIYEAR	=	0xfe68
                           00FE69   812 _INIMONTH	=	0xfe69
                           00FE6A   813 _INIDAY	=	0xfe6a
                           00FE6B   814 _INIHOUR	=	0xfe6b
                           00FE6C   815 _INIMIN	=	0xfe6c
                           00FE6D   816 _INISEC	=	0xfe6d
                           00FE6E   817 _INISSEC	=	0xfe6e
                           00FE70   818 _YEAR	=	0xfe70
                           00FE71   819 _MONTH	=	0xfe71
                           00FE72   820 _DAY	=	0xfe72
                           00FE73   821 _HOUR	=	0xfe73
                           00FE74   822 _MIN	=	0xfe74
                           00FE75   823 _SEC	=	0xfe75
                           00FE76   824 _SSEC	=	0xfe76
                           00FA20   825 _DMA_SPI_CFG	=	0xfa20
                           00FA21   826 _DMA_SPI_CR	=	0xfa21
                           00FA22   827 _DMA_SPI_STA	=	0xfa22
                           00FA23   828 _DMA_SPI_AMT	=	0xfa23
                           00FA24   829 _DMA_SPI_DONE	=	0xfa24
                           00FA25   830 _DMA_SPI_TXAH	=	0xfa25
                           00FA26   831 _DMA_SPI_TXAL	=	0xfa26
                           00FA27   832 _DMA_SPI_RXAH	=	0xfa27
                           00FA28   833 _DMA_SPI_RXAL	=	0xfa28
                           00FA29   834 _DMA_SPI_CFG2	=	0xfa29
                           00FE01   835 _CLKDIV	=	0xfe01
                           00FE02   836 _HIRCCR	=	0xfe02
                           00FE03   837 _XOSCCR	=	0xfe03
                           00FE04   838 _IRC32KCR	=	0xfe04
                           00FE00   839 _CKSEL	=	0xfe00
                           00FE05   840 _MCLKOCR	=	0xfe05
                           00FE06   841 _IRCDB	=	0xfe06
                           00FE07   842 _IRC48MCR	=	0xfe07
                           00FEA2   843 _TM2PS	=	0xfea2
                           00FEA3   844 _TM3PS	=	0xfea3
                           00FEA4   845 _TM4PS	=	0xfea4
                           00FA30   846 _DMA_UR1T_CFG	=	0xfa30
                           00FA31   847 _DMA_UR1T_CR	=	0xfa31
                           00FA32   848 _DMA_UR1T_STA	=	0xfa32
                           00FA33   849 _DMA_URTX_AMT	=	0xfa33
                           00FA34   850 _DMA_UR1T_DONE	=	0xfa34
                           00FA35   851 _DMA_UR1T_TXAH	=	0xfa35
                           00FA36   852 _DMA_UR1T_TXAL	=	0xfa36
                           00FA38   853 _DMA_UR1R_CFG	=	0xfa38
                           00FA39   854 _DMA_UR1R_CR	=	0xfa39
                           00FA3A   855 _DMA_UR1R_STA	=	0xfa3a
                           00FA3B   856 _DMA_UR1R_AMT	=	0xfa3b
                           00FA3C   857 _DMA_UR1R_DONE	=	0xfa3c
                           00FA3D   858 _DMA_UR1R_TXAH	=	0xfa3d
                           00FA3E   859 _DMA_UR1R_TXAL	=	0xfa3e
                           00FA30   860 _DMA_UR2T_CFG	=	0xfa30
                           00FA31   861 _DMA_UR2T_CR	=	0xfa31
                           00FA32   862 _DMA_UR2T_STA	=	0xfa32
                           00FA33   863 _DMA_UR2T_AMT	=	0xfa33
                           00FA34   864 _DMA_UR2T_DONE	=	0xfa34
                           00FA35   865 _DMA_UR2T_TXAH	=	0xfa35
                           00FA36   866 _DMA_UR2T_TXAL	=	0xfa36
                           00FA38   867 _DMA_UR2R_CFG	=	0xfa38
                           00FA39   868 _DMA_UR2R_CR	=	0xfa39
                           00FA3A   869 _DMA_UR2R_STA	=	0xfa3a
                           00FA3B   870 _DMA_UR2R_AMT	=	0xfa3b
                           00FA3C   871 _DMA_UR2R_DONE	=	0xfa3c
                           00FA3D   872 _DMA_UR2R_TXAH	=	0xfa3d
                           00FA3E   873 _DMA_UR2R_TXAL	=	0xfa3e
                           00FA30   874 _DMA_UR3T_CFG	=	0xfa30
                           00FA31   875 _DMA_UR3T_CR	=	0xfa31
                           00FA32   876 _DMA_UR3T_STA	=	0xfa32
                           00FA33   877 _DMA_UR3T_AMT	=	0xfa33
                           00FA34   878 _DMA_UR3T_DONE	=	0xfa34
                           00FA35   879 _DMA_UR3T_TXAH	=	0xfa35
                           00FA36   880 _DMA_UR3T_TXAL	=	0xfa36
                           00FA38   881 _DMA_UR3R_CFG	=	0xfa38
                           00FA39   882 _DMA_UR3R_CR	=	0xfa39
                           00FA3A   883 _DMA_UR3R_STA	=	0xfa3a
                           00FA3B   884 _DMA_UR3R_AMT	=	0xfa3b
                           00FA3C   885 _DMA_UR3R_DONE	=	0xfa3c
                           00FA3D   886 _DMA_UR3R_TXAH	=	0xfa3d
                           00FA3E   887 _DMA_UR3R_TXAL	=	0xfa3e
                           00FA30   888 _DMA_UR4T_CFG	=	0xfa30
                           00FA31   889 _DMA_UR4T_CR	=	0xfa31
                           00FA32   890 _DMA_UR4T_STA	=	0xfa32
                           00FA33   891 _DMA_UR4T_AMT	=	0xfa33
                           00FA34   892 _DMA_UR4T_DONE	=	0xfa34
                           00FA35   893 _DMA_UR4T_TXAH	=	0xfa35
                           00FA36   894 _DMA_UR4T_TXAL	=	0xfa36
                           00FA38   895 _DMA_UR4R_CFG	=	0xfa38
                           00FA39   896 _DMA_UR4R_CR	=	0xfa39
                           00FA3A   897 _DMA_UR4R_STA	=	0xfa3a
                           00FA3B   898 _DMA_UR4R_AMT	=	0xfa3b
                           00FA3C   899 _DMA_UR4R_DONE	=	0xfa3c
                           00FA3D   900 _DMA_UR4R_TXAH	=	0xfa3d
                           00FA3E   901 _DMA_UR4R_TXAL	=	0xfa3e
      000000                        902 _uartGetCharacter_result_65536_69:
      000000                        903 	.ds 1
                                    904 ;--------------------------------------------------------
                                    905 ; absolute external ram data
                                    906 ;--------------------------------------------------------
                                    907 	.area XABS    (ABS,XDATA)
                                    908 ;--------------------------------------------------------
                                    909 ; external initialized ram data
                                    910 ;--------------------------------------------------------
                                    911 	.area XISEG   (XDATA)
                                    912 	.area HOME    (CODE)
                                    913 	.area GSINIT0 (CODE)
                                    914 	.area GSINIT1 (CODE)
                                    915 	.area GSINIT2 (CODE)
                                    916 	.area GSINIT3 (CODE)
                                    917 	.area GSINIT4 (CODE)
                                    918 	.area GSINIT5 (CODE)
                                    919 	.area GSINIT  (CODE)
                                    920 	.area GSFINAL (CODE)
                                    921 	.area CSEG    (CODE)
                                    922 ;--------------------------------------------------------
                                    923 ; interrupt vector 
                                    924 ;--------------------------------------------------------
                                    925 	.area HOME    (CODE)
      000000                        926 __interrupt_vect:
      000000 02r00r00         [24]  927 	ljmp	__sdcc_gsinit_startup
      000003 32               [24]  928 	reti
      000004                        929 	.ds	7
      00000B 32               [24]  930 	reti
      00000C                        931 	.ds	7
      000013 32               [24]  932 	reti
      000014                        933 	.ds	7
      00001B 32               [24]  934 	reti
      00001C                        935 	.ds	7
      000023 02r00r00         [24]  936 	ljmp	_uart1_isr
      000026                        937 	.ds	5
      00002B 32               [24]  938 	reti
      00002C                        939 	.ds	7
      000033 32               [24]  940 	reti
      000034                        941 	.ds	7
      00003B 32               [24]  942 	reti
      00003C                        943 	.ds	7
      000043 32               [24]  944 	reti
      000044                        945 	.ds	7
      00004B 32               [24]  946 	reti
      00004C                        947 	.ds	7
      000053 32               [24]  948 	reti
      000054                        949 	.ds	7
      00005B 32               [24]  950 	reti
      00005C                        951 	.ds	7
      000063 02r00r00         [24]  952 	ljmp	_timer2_isr
      000066                        953 	.ds	5
      00006B 32               [24]  954 	reti
      00006C                        955 	.ds	7
      000073 32               [24]  956 	reti
      000074                        957 	.ds	7
      00007B 32               [24]  958 	reti
      00007C                        959 	.ds	7
      000083 32               [24]  960 	reti
      000084                        961 	.ds	7
      00008B 32               [24]  962 	reti
      00008C                        963 	.ds	7
      000093 32               [24]  964 	reti
      000094                        965 	.ds	7
      00009B 02r00r00         [24]  966 	ljmp	_timer3_isr
      00009E                        967 	.ds	5
      0000A3 32               [24]  968 	reti
      0000A4                        969 	.ds	7
      0000AB 32               [24]  970 	reti
      0000AC                        971 	.ds	7
      0000B3 32               [24]  972 	reti
      0000B4                        973 	.ds	7
      0000BB 32               [24]  974 	reti
      0000BC                        975 	.ds	7
      0000C3 32               [24]  976 	reti
      0000C4                        977 	.ds	7
      0000CB 32               [24]  978 	reti
      0000CC                        979 	.ds	7
      0000D3 02r00r00         [24]  980 	ljmp	_pwmA_isr
      0000D6                        981 	.ds	5
      0000DB 02r00r00         [24]  982 	ljmp	_pwmB_isr
                                    983 ;--------------------------------------------------------
                                    984 ; global & static initialisations
                                    985 ;--------------------------------------------------------
                                    986 	.area HOME    (CODE)
                                    987 	.area GSINIT  (CODE)
                                    988 	.area GSFINAL (CODE)
                                    989 	.area GSINIT  (CODE)
                                    990 	.globl __sdcc_gsinit_startup
                                    991 	.globl __sdcc_program_startup
                                    992 	.globl __start__stack
                                    993 	.globl __mcs51_genXINIT
                                    994 	.globl __mcs51_genXRAMCLEAR
                                    995 	.globl __mcs51_genRAMCLEAR
                                    996 	.area GSFINAL (CODE)
      000000 02r00rDE         [24]  997 	ljmp	__sdcc_program_startup
                                    998 ;--------------------------------------------------------
                                    999 ; Home
                                   1000 ;--------------------------------------------------------
                                   1001 	.area HOME    (CODE)
                                   1002 	.area HOME    (CODE)
      0000DE                       1003 __sdcc_program_startup:
      0000DE 02r00r00         [24] 1004 	ljmp	_main
                                   1005 ;	return from main will return to caller
                                   1006 ;--------------------------------------------------------
                                   1007 ; code
                                   1008 ;--------------------------------------------------------
                                   1009 	.area CSEG    (CODE)
                                   1010 ;------------------------------------------------------------
                                   1011 ;Allocation info for local variables in function 'main'
                                   1012 ;------------------------------------------------------------
                                   1013 ;	main.c:7: void main(void) {
                                   1014 ;	-----------------------------------------
                                   1015 ;	 function main
                                   1016 ;	-----------------------------------------
      000000                       1017 _main:
                           000007  1018 	ar7 = 0x07
                           000006  1019 	ar6 = 0x06
                           000005  1020 	ar5 = 0x05
                           000004  1021 	ar4 = 0x04
                           000003  1022 	ar3 = 0x03
                           000002  1023 	ar2 = 0x02
                           000001  1024 	ar1 = 0x01
                           000000  1025 	ar0 = 0x00
                                   1026 ;	main.c:10: INIT_EXTENDED_SFR();
      000000 43 BA 80         [24] 1027 	orl	_P_SW2,#0x80
                                   1028 ;	main.c:14: CONSOLE_PIN_CONFIG
      000003 90r00r00         [24] 1029 	mov	dptr,#_serialConsoleInitialise_PARM_2
      000006 E4               [12] 1030 	clr	a
      000007 F0               [24] 1031 	movx	@dptr,a
      000008 74 C2            [12] 1032 	mov	a,#0xc2
      00000A A3               [24] 1033 	inc	dptr
      00000B F0               [24] 1034 	movx	@dptr,a
      00000C 74 01            [12] 1035 	mov	a,#0x01
      00000E A3               [24] 1036 	inc	dptr
      00000F F0               [24] 1037 	movx	@dptr,a
      000010 E4               [12] 1038 	clr	a
      000011 A3               [24] 1039 	inc	dptr
      000012 F0               [24] 1040 	movx	@dptr,a
      000013 90r00r00         [24] 1041 	mov	dptr,#_serialConsoleInitialise_PARM_3
      000016 F0               [24] 1042 	movx	@dptr,a
      000017 75 82 01         [24] 1043 	mov	dpl,#0x01
      00001A 12r00r00         [24] 1044 	lcall	_serialConsoleInitialise
                                   1045 ;	main.c:16: global_timer_init();
      00001D 12r00r00         [24] 1046 	lcall	_global_timer_init
                                   1047 ;	main.c:17: buttons_init();
      000020 12r00r00         [24] 1048 	lcall	_buttons_init
                                   1049 ;	main.c:18: switch_init();
      000023 12r00r00         [24] 1050 	lcall	_switch_init
                                   1051 ;	main.c:19: encoder_init();
      000026 12r00r00         [24] 1052 	lcall	_encoder_init
                                   1053 ;	main.c:20: stepper_motor_init();
      000029 12r00r00         [24] 1054 	lcall	_stepper_motor_init
                                   1055 ;	main.c:21: SSD1306_Init();
      00002C 12r00r00         [24] 1056 	lcall	_SSD1306_Init
                                   1057 ;	main.c:23: display_welcome_page();
      00002F 12r00r00         [24] 1058 	lcall	_display_welcome_page
                                   1059 ;	main.c:25: EA = 1; // enable interrupts
                                   1060 ;	assignBit
      000032 D2 AF            [12] 1061 	setb	_EA
                                   1062 ;	main.c:26: delay1ms(500);
      000034 90 01 F4         [24] 1063 	mov	dptr,#0x01f4
      000037 12r00r00         [24] 1064 	lcall	_delay1ms
                                   1065 ;	main.c:29: while(1) {
      00003A                       1066 00102$:
                                   1067 ;	main.c:30: encoder_process();  // getting latest encoder readings
      00003A 12r00r00         [24] 1068 	lcall	_encoder_process
                                   1069 ;	main.c:31: buttons_process();  // getting latest button readings
      00003D 12r00r00         [24] 1070 	lcall	_buttons_process
                                   1071 ;	main.c:34: application_process_current_page();
      000040 12r00r00         [24] 1072 	lcall	_application_process_current_page
                                   1073 ;	main.c:35: printf("Stepper State: %d \r", get_stepper_state());
      000043 12r00r00         [24] 1074 	lcall	_get_stepper_state
      000046 E4               [12] 1075 	clr	a
      000047 33               [12] 1076 	rlc	a
      000048 FE               [12] 1077 	mov	r6,a
      000049 7F 00            [12] 1078 	mov	r7,#0x00
      00004B C0 06            [24] 1079 	push	ar6
      00004D C0 07            [24] 1080 	push	ar7
      00004F 74rE0            [12] 1081 	mov	a,#___str_0
      000051 C0 E0            [24] 1082 	push	acc
      000053 74s01            [12] 1083 	mov	a,#(___str_0 >> 8)
      000055 C0 E0            [24] 1084 	push	acc
      000057 74 80            [12] 1085 	mov	a,#0x80
      000059 C0 E0            [24] 1086 	push	acc
      00005B 12r00r00         [24] 1087 	lcall	_printf
      00005E E5 81            [12] 1088 	mov	a,sp
      000060 24 FB            [12] 1089 	add	a,#0xfb
      000062 F5 81            [12] 1090 	mov	sp,a
                                   1091 ;	main.c:37: }
      000064 80 D4            [24] 1092 	sjmp	00102$
                                   1093 	.area CSEG    (CODE)
                                   1094 	.area CONST   (CODE)
      000000                       1095 _FONTS:
      000000 00                    1096 	.db #0x00	; 0
      000001 00                    1097 	.db #0x00	; 0
      000002 00                    1098 	.db #0x00	; 0
      000003 00                    1099 	.db #0x00	; 0
      000004 00                    1100 	.db #0x00	; 0
      000005 81                    1101 	.db #0x81	; 129
      000006 81                    1102 	.db #0x81	; 129
      000007 18                    1103 	.db #0x18	; 24
      000008 81                    1104 	.db #0x81	; 129
      000009 81                    1105 	.db #0x81	; 129
      00000A 00                    1106 	.db #0x00	; 0
      00000B 07                    1107 	.db #0x07	; 7
      00000C 00                    1108 	.db #0x00	; 0
      00000D 07                    1109 	.db #0x07	; 7
      00000E 00                    1110 	.db #0x00	; 0
      00000F 14                    1111 	.db #0x14	; 20
      000010 7F                    1112 	.db #0x7f	; 127
      000011 14                    1113 	.db #0x14	; 20
      000012 7F                    1114 	.db #0x7f	; 127
      000013 14                    1115 	.db #0x14	; 20
      000014 24                    1116 	.db #0x24	; 36
      000015 2A                    1117 	.db #0x2a	; 42
      000016 7F                    1118 	.db #0x7f	; 127
      000017 2A                    1119 	.db #0x2a	; 42
      000018 12                    1120 	.db #0x12	; 18
      000019 23                    1121 	.db #0x23	; 35
      00001A 13                    1122 	.db #0x13	; 19
      00001B 08                    1123 	.db #0x08	; 8
      00001C 64                    1124 	.db #0x64	; 100	'd'
      00001D 62                    1125 	.db #0x62	; 98	'b'
      00001E 36                    1126 	.db #0x36	; 54	'6'
      00001F 49                    1127 	.db #0x49	; 73	'I'
      000020 55                    1128 	.db #0x55	; 85	'U'
      000021 22                    1129 	.db #0x22	; 34
      000022 50                    1130 	.db #0x50	; 80	'P'
      000023 00                    1131 	.db #0x00	; 0
      000024 05                    1132 	.db #0x05	; 5
      000025 03                    1133 	.db #0x03	; 3
      000026 00                    1134 	.db #0x00	; 0
      000027 00                    1135 	.db #0x00	; 0
      000028 00                    1136 	.db #0x00	; 0
      000029 1C                    1137 	.db #0x1c	; 28
      00002A 22                    1138 	.db #0x22	; 34
      00002B 41                    1139 	.db #0x41	; 65	'A'
      00002C 00                    1140 	.db #0x00	; 0
      00002D 00                    1141 	.db #0x00	; 0
      00002E 41                    1142 	.db #0x41	; 65	'A'
      00002F 22                    1143 	.db #0x22	; 34
      000030 1C                    1144 	.db #0x1c	; 28
      000031 00                    1145 	.db #0x00	; 0
      000032 14                    1146 	.db #0x14	; 20
      000033 08                    1147 	.db #0x08	; 8
      000034 3E                    1148 	.db #0x3e	; 62
      000035 08                    1149 	.db #0x08	; 8
      000036 14                    1150 	.db #0x14	; 20
      000037 08                    1151 	.db #0x08	; 8
      000038 08                    1152 	.db #0x08	; 8
      000039 3E                    1153 	.db #0x3e	; 62
      00003A 08                    1154 	.db #0x08	; 8
      00003B 08                    1155 	.db #0x08	; 8
      00003C 00                    1156 	.db #0x00	; 0
      00003D 50                    1157 	.db #0x50	; 80	'P'
      00003E 30                    1158 	.db #0x30	; 48	'0'
      00003F 00                    1159 	.db #0x00	; 0
      000040 00                    1160 	.db #0x00	; 0
      000041 08                    1161 	.db #0x08	; 8
      000042 08                    1162 	.db #0x08	; 8
      000043 08                    1163 	.db #0x08	; 8
      000044 08                    1164 	.db #0x08	; 8
      000045 08                    1165 	.db #0x08	; 8
      000046 00                    1166 	.db #0x00	; 0
      000047 60                    1167 	.db #0x60	; 96
      000048 60                    1168 	.db #0x60	; 96
      000049 00                    1169 	.db #0x00	; 0
      00004A 00                    1170 	.db #0x00	; 0
      00004B 20                    1171 	.db #0x20	; 32
      00004C 10                    1172 	.db #0x10	; 16
      00004D 08                    1173 	.db #0x08	; 8
      00004E 04                    1174 	.db #0x04	; 4
      00004F 02                    1175 	.db #0x02	; 2
      000050 3E                    1176 	.db #0x3e	; 62
      000051 51                    1177 	.db #0x51	; 81	'Q'
      000052 49                    1178 	.db #0x49	; 73	'I'
      000053 45                    1179 	.db #0x45	; 69	'E'
      000054 3E                    1180 	.db #0x3e	; 62
      000055 00                    1181 	.db #0x00	; 0
      000056 42                    1182 	.db #0x42	; 66	'B'
      000057 7F                    1183 	.db #0x7f	; 127
      000058 40                    1184 	.db #0x40	; 64
      000059 00                    1185 	.db #0x00	; 0
      00005A 42                    1186 	.db #0x42	; 66	'B'
      00005B 61                    1187 	.db #0x61	; 97	'a'
      00005C 51                    1188 	.db #0x51	; 81	'Q'
      00005D 49                    1189 	.db #0x49	; 73	'I'
      00005E 46                    1190 	.db #0x46	; 70	'F'
      00005F 21                    1191 	.db #0x21	; 33
      000060 41                    1192 	.db #0x41	; 65	'A'
      000061 45                    1193 	.db #0x45	; 69	'E'
      000062 4B                    1194 	.db #0x4b	; 75	'K'
      000063 31                    1195 	.db #0x31	; 49	'1'
      000064 18                    1196 	.db #0x18	; 24
      000065 14                    1197 	.db #0x14	; 20
      000066 12                    1198 	.db #0x12	; 18
      000067 7F                    1199 	.db #0x7f	; 127
      000068 10                    1200 	.db #0x10	; 16
      000069 27                    1201 	.db #0x27	; 39
      00006A 45                    1202 	.db #0x45	; 69	'E'
      00006B 45                    1203 	.db #0x45	; 69	'E'
      00006C 45                    1204 	.db #0x45	; 69	'E'
      00006D 39                    1205 	.db #0x39	; 57	'9'
      00006E 3C                    1206 	.db #0x3c	; 60
      00006F 4A                    1207 	.db #0x4a	; 74	'J'
      000070 49                    1208 	.db #0x49	; 73	'I'
      000071 49                    1209 	.db #0x49	; 73	'I'
      000072 30                    1210 	.db #0x30	; 48	'0'
      000073 01                    1211 	.db #0x01	; 1
      000074 71                    1212 	.db #0x71	; 113	'q'
      000075 09                    1213 	.db #0x09	; 9
      000076 05                    1214 	.db #0x05	; 5
      000077 03                    1215 	.db #0x03	; 3
      000078 36                    1216 	.db #0x36	; 54	'6'
      000079 49                    1217 	.db #0x49	; 73	'I'
      00007A 49                    1218 	.db #0x49	; 73	'I'
      00007B 49                    1219 	.db #0x49	; 73	'I'
      00007C 36                    1220 	.db #0x36	; 54	'6'
      00007D 06                    1221 	.db #0x06	; 6
      00007E 49                    1222 	.db #0x49	; 73	'I'
      00007F 49                    1223 	.db #0x49	; 73	'I'
      000080 29                    1224 	.db #0x29	; 41
      000081 1E                    1225 	.db #0x1e	; 30
      000082 00                    1226 	.db #0x00	; 0
      000083 36                    1227 	.db #0x36	; 54	'6'
      000084 36                    1228 	.db #0x36	; 54	'6'
      000085 00                    1229 	.db #0x00	; 0
      000086 00                    1230 	.db #0x00	; 0
      000087 00                    1231 	.db #0x00	; 0
      000088 56                    1232 	.db #0x56	; 86	'V'
      000089 36                    1233 	.db #0x36	; 54	'6'
      00008A 00                    1234 	.db #0x00	; 0
      00008B 00                    1235 	.db #0x00	; 0
      00008C 08                    1236 	.db #0x08	; 8
      00008D 14                    1237 	.db #0x14	; 20
      00008E 22                    1238 	.db #0x22	; 34
      00008F 41                    1239 	.db #0x41	; 65	'A'
      000090 00                    1240 	.db #0x00	; 0
      000091 14                    1241 	.db #0x14	; 20
      000092 14                    1242 	.db #0x14	; 20
      000093 14                    1243 	.db #0x14	; 20
      000094 14                    1244 	.db #0x14	; 20
      000095 14                    1245 	.db #0x14	; 20
      000096 00                    1246 	.db #0x00	; 0
      000097 41                    1247 	.db #0x41	; 65	'A'
      000098 22                    1248 	.db #0x22	; 34
      000099 14                    1249 	.db #0x14	; 20
      00009A 08                    1250 	.db #0x08	; 8
      00009B 02                    1251 	.db #0x02	; 2
      00009C 01                    1252 	.db #0x01	; 1
      00009D 51                    1253 	.db #0x51	; 81	'Q'
      00009E 09                    1254 	.db #0x09	; 9
      00009F 06                    1255 	.db #0x06	; 6
      0000A0 32                    1256 	.db #0x32	; 50	'2'
      0000A1 49                    1257 	.db #0x49	; 73	'I'
      0000A2 79                    1258 	.db #0x79	; 121	'y'
      0000A3 41                    1259 	.db #0x41	; 65	'A'
      0000A4 3E                    1260 	.db #0x3e	; 62
      0000A5 7E                    1261 	.db #0x7e	; 126
      0000A6 11                    1262 	.db #0x11	; 17
      0000A7 11                    1263 	.db #0x11	; 17
      0000A8 11                    1264 	.db #0x11	; 17
      0000A9 7E                    1265 	.db #0x7e	; 126
      0000AA 7F                    1266 	.db #0x7f	; 127
      0000AB 49                    1267 	.db #0x49	; 73	'I'
      0000AC 49                    1268 	.db #0x49	; 73	'I'
      0000AD 49                    1269 	.db #0x49	; 73	'I'
      0000AE 36                    1270 	.db #0x36	; 54	'6'
      0000AF 3E                    1271 	.db #0x3e	; 62
      0000B0 41                    1272 	.db #0x41	; 65	'A'
      0000B1 41                    1273 	.db #0x41	; 65	'A'
      0000B2 41                    1274 	.db #0x41	; 65	'A'
      0000B3 22                    1275 	.db #0x22	; 34
      0000B4 7F                    1276 	.db #0x7f	; 127
      0000B5 41                    1277 	.db #0x41	; 65	'A'
      0000B6 41                    1278 	.db #0x41	; 65	'A'
      0000B7 22                    1279 	.db #0x22	; 34
      0000B8 1C                    1280 	.db #0x1c	; 28
      0000B9 7F                    1281 	.db #0x7f	; 127
      0000BA 49                    1282 	.db #0x49	; 73	'I'
      0000BB 49                    1283 	.db #0x49	; 73	'I'
      0000BC 49                    1284 	.db #0x49	; 73	'I'
      0000BD 41                    1285 	.db #0x41	; 65	'A'
      0000BE 7F                    1286 	.db #0x7f	; 127
      0000BF 09                    1287 	.db #0x09	; 9
      0000C0 09                    1288 	.db #0x09	; 9
      0000C1 09                    1289 	.db #0x09	; 9
      0000C2 01                    1290 	.db #0x01	; 1
      0000C3 3E                    1291 	.db #0x3e	; 62
      0000C4 41                    1292 	.db #0x41	; 65	'A'
      0000C5 49                    1293 	.db #0x49	; 73	'I'
      0000C6 49                    1294 	.db #0x49	; 73	'I'
      0000C7 7A                    1295 	.db #0x7a	; 122	'z'
      0000C8 7F                    1296 	.db #0x7f	; 127
      0000C9 08                    1297 	.db #0x08	; 8
      0000CA 08                    1298 	.db #0x08	; 8
      0000CB 08                    1299 	.db #0x08	; 8
      0000CC 7F                    1300 	.db #0x7f	; 127
      0000CD 00                    1301 	.db #0x00	; 0
      0000CE 41                    1302 	.db #0x41	; 65	'A'
      0000CF 7F                    1303 	.db #0x7f	; 127
      0000D0 41                    1304 	.db #0x41	; 65	'A'
      0000D1 00                    1305 	.db #0x00	; 0
      0000D2 20                    1306 	.db #0x20	; 32
      0000D3 40                    1307 	.db #0x40	; 64
      0000D4 41                    1308 	.db #0x41	; 65	'A'
      0000D5 3F                    1309 	.db #0x3f	; 63
      0000D6 01                    1310 	.db #0x01	; 1
      0000D7 7F                    1311 	.db #0x7f	; 127
      0000D8 08                    1312 	.db #0x08	; 8
      0000D9 14                    1313 	.db #0x14	; 20
      0000DA 22                    1314 	.db #0x22	; 34
      0000DB 41                    1315 	.db #0x41	; 65	'A'
      0000DC 7F                    1316 	.db #0x7f	; 127
      0000DD 40                    1317 	.db #0x40	; 64
      0000DE 40                    1318 	.db #0x40	; 64
      0000DF 40                    1319 	.db #0x40	; 64
      0000E0 40                    1320 	.db #0x40	; 64
      0000E1 7F                    1321 	.db #0x7f	; 127
      0000E2 02                    1322 	.db #0x02	; 2
      0000E3 0C                    1323 	.db #0x0c	; 12
      0000E4 02                    1324 	.db #0x02	; 2
      0000E5 7F                    1325 	.db #0x7f	; 127
      0000E6 7F                    1326 	.db #0x7f	; 127
      0000E7 04                    1327 	.db #0x04	; 4
      0000E8 08                    1328 	.db #0x08	; 8
      0000E9 10                    1329 	.db #0x10	; 16
      0000EA 7F                    1330 	.db #0x7f	; 127
      0000EB 3E                    1331 	.db #0x3e	; 62
      0000EC 41                    1332 	.db #0x41	; 65	'A'
      0000ED 41                    1333 	.db #0x41	; 65	'A'
      0000EE 41                    1334 	.db #0x41	; 65	'A'
      0000EF 3E                    1335 	.db #0x3e	; 62
      0000F0 7F                    1336 	.db #0x7f	; 127
      0000F1 09                    1337 	.db #0x09	; 9
      0000F2 09                    1338 	.db #0x09	; 9
      0000F3 09                    1339 	.db #0x09	; 9
      0000F4 06                    1340 	.db #0x06	; 6
      0000F5 3E                    1341 	.db #0x3e	; 62
      0000F6 41                    1342 	.db #0x41	; 65	'A'
      0000F7 51                    1343 	.db #0x51	; 81	'Q'
      0000F8 21                    1344 	.db #0x21	; 33
      0000F9 5E                    1345 	.db #0x5e	; 94
      0000FA 7F                    1346 	.db #0x7f	; 127
      0000FB 09                    1347 	.db #0x09	; 9
      0000FC 19                    1348 	.db #0x19	; 25
      0000FD 29                    1349 	.db #0x29	; 41
      0000FE 46                    1350 	.db #0x46	; 70	'F'
      0000FF 46                    1351 	.db #0x46	; 70	'F'
      000100 49                    1352 	.db #0x49	; 73	'I'
      000101 49                    1353 	.db #0x49	; 73	'I'
      000102 49                    1354 	.db #0x49	; 73	'I'
      000103 31                    1355 	.db #0x31	; 49	'1'
      000104 01                    1356 	.db #0x01	; 1
      000105 01                    1357 	.db #0x01	; 1
      000106 7F                    1358 	.db #0x7f	; 127
      000107 01                    1359 	.db #0x01	; 1
      000108 01                    1360 	.db #0x01	; 1
      000109 3F                    1361 	.db #0x3f	; 63
      00010A 40                    1362 	.db #0x40	; 64
      00010B 40                    1363 	.db #0x40	; 64
      00010C 40                    1364 	.db #0x40	; 64
      00010D 3F                    1365 	.db #0x3f	; 63
      00010E 1F                    1366 	.db #0x1f	; 31
      00010F 20                    1367 	.db #0x20	; 32
      000110 40                    1368 	.db #0x40	; 64
      000111 20                    1369 	.db #0x20	; 32
      000112 1F                    1370 	.db #0x1f	; 31
      000113 3F                    1371 	.db #0x3f	; 63
      000114 40                    1372 	.db #0x40	; 64
      000115 38                    1373 	.db #0x38	; 56	'8'
      000116 40                    1374 	.db #0x40	; 64
      000117 3F                    1375 	.db #0x3f	; 63
      000118 63                    1376 	.db #0x63	; 99	'c'
      000119 14                    1377 	.db #0x14	; 20
      00011A 08                    1378 	.db #0x08	; 8
      00011B 14                    1379 	.db #0x14	; 20
      00011C 63                    1380 	.db #0x63	; 99	'c'
      00011D 07                    1381 	.db #0x07	; 7
      00011E 08                    1382 	.db #0x08	; 8
      00011F 70                    1383 	.db #0x70	; 112	'p'
      000120 08                    1384 	.db #0x08	; 8
      000121 07                    1385 	.db #0x07	; 7
      000122 61                    1386 	.db #0x61	; 97	'a'
      000123 51                    1387 	.db #0x51	; 81	'Q'
      000124 49                    1388 	.db #0x49	; 73	'I'
      000125 45                    1389 	.db #0x45	; 69	'E'
      000126 43                    1390 	.db #0x43	; 67	'C'
      000127 00                    1391 	.db #0x00	; 0
      000128 7F                    1392 	.db #0x7f	; 127
      000129 41                    1393 	.db #0x41	; 65	'A'
      00012A 41                    1394 	.db #0x41	; 65	'A'
      00012B 00                    1395 	.db #0x00	; 0
      00012C 02                    1396 	.db #0x02	; 2
      00012D 04                    1397 	.db #0x04	; 4
      00012E 08                    1398 	.db #0x08	; 8
      00012F 10                    1399 	.db #0x10	; 16
      000130 20                    1400 	.db #0x20	; 32
      000131 00                    1401 	.db #0x00	; 0
      000132 41                    1402 	.db #0x41	; 65	'A'
      000133 41                    1403 	.db #0x41	; 65	'A'
      000134 7F                    1404 	.db #0x7f	; 127
      000135 00                    1405 	.db #0x00	; 0
      000136 04                    1406 	.db #0x04	; 4
      000137 02                    1407 	.db #0x02	; 2
      000138 01                    1408 	.db #0x01	; 1
      000139 02                    1409 	.db #0x02	; 2
      00013A 04                    1410 	.db #0x04	; 4
      00013B 40                    1411 	.db #0x40	; 64
      00013C 40                    1412 	.db #0x40	; 64
      00013D 40                    1413 	.db #0x40	; 64
      00013E 40                    1414 	.db #0x40	; 64
      00013F 40                    1415 	.db #0x40	; 64
      000140 00                    1416 	.db #0x00	; 0
      000141 01                    1417 	.db #0x01	; 1
      000142 02                    1418 	.db #0x02	; 2
      000143 04                    1419 	.db #0x04	; 4
      000144 00                    1420 	.db #0x00	; 0
      000145 20                    1421 	.db #0x20	; 32
      000146 54                    1422 	.db #0x54	; 84	'T'
      000147 54                    1423 	.db #0x54	; 84	'T'
      000148 54                    1424 	.db #0x54	; 84	'T'
      000149 78                    1425 	.db #0x78	; 120	'x'
      00014A 7F                    1426 	.db #0x7f	; 127
      00014B 48                    1427 	.db #0x48	; 72	'H'
      00014C 44                    1428 	.db #0x44	; 68	'D'
      00014D 44                    1429 	.db #0x44	; 68	'D'
      00014E 38                    1430 	.db #0x38	; 56	'8'
      00014F 38                    1431 	.db #0x38	; 56	'8'
      000150 44                    1432 	.db #0x44	; 68	'D'
      000151 44                    1433 	.db #0x44	; 68	'D'
      000152 44                    1434 	.db #0x44	; 68	'D'
      000153 20                    1435 	.db #0x20	; 32
      000154 38                    1436 	.db #0x38	; 56	'8'
      000155 44                    1437 	.db #0x44	; 68	'D'
      000156 44                    1438 	.db #0x44	; 68	'D'
      000157 48                    1439 	.db #0x48	; 72	'H'
      000158 7F                    1440 	.db #0x7f	; 127
      000159 38                    1441 	.db #0x38	; 56	'8'
      00015A 54                    1442 	.db #0x54	; 84	'T'
      00015B 54                    1443 	.db #0x54	; 84	'T'
      00015C 54                    1444 	.db #0x54	; 84	'T'
      00015D 18                    1445 	.db #0x18	; 24
      00015E 08                    1446 	.db #0x08	; 8
      00015F 7E                    1447 	.db #0x7e	; 126
      000160 09                    1448 	.db #0x09	; 9
      000161 01                    1449 	.db #0x01	; 1
      000162 02                    1450 	.db #0x02	; 2
      000163 0C                    1451 	.db #0x0c	; 12
      000164 52                    1452 	.db #0x52	; 82	'R'
      000165 52                    1453 	.db #0x52	; 82	'R'
      000166 52                    1454 	.db #0x52	; 82	'R'
      000167 3E                    1455 	.db #0x3e	; 62
      000168 7F                    1456 	.db #0x7f	; 127
      000169 08                    1457 	.db #0x08	; 8
      00016A 04                    1458 	.db #0x04	; 4
      00016B 04                    1459 	.db #0x04	; 4
      00016C 78                    1460 	.db #0x78	; 120	'x'
      00016D 00                    1461 	.db #0x00	; 0
      00016E 44                    1462 	.db #0x44	; 68	'D'
      00016F 7D                    1463 	.db #0x7d	; 125
      000170 40                    1464 	.db #0x40	; 64
      000171 00                    1465 	.db #0x00	; 0
      000172 20                    1466 	.db #0x20	; 32
      000173 40                    1467 	.db #0x40	; 64
      000174 44                    1468 	.db #0x44	; 68	'D'
      000175 3D                    1469 	.db #0x3d	; 61
      000176 00                    1470 	.db #0x00	; 0
      000177 7F                    1471 	.db #0x7f	; 127
      000178 10                    1472 	.db #0x10	; 16
      000179 28                    1473 	.db #0x28	; 40
      00017A 44                    1474 	.db #0x44	; 68	'D'
      00017B 00                    1475 	.db #0x00	; 0
      00017C 00                    1476 	.db #0x00	; 0
      00017D 41                    1477 	.db #0x41	; 65	'A'
      00017E 7F                    1478 	.db #0x7f	; 127
      00017F 40                    1479 	.db #0x40	; 64
      000180 00                    1480 	.db #0x00	; 0
      000181 7C                    1481 	.db #0x7c	; 124
      000182 04                    1482 	.db #0x04	; 4
      000183 18                    1483 	.db #0x18	; 24
      000184 04                    1484 	.db #0x04	; 4
      000185 78                    1485 	.db #0x78	; 120	'x'
      000186 7C                    1486 	.db #0x7c	; 124
      000187 08                    1487 	.db #0x08	; 8
      000188 04                    1488 	.db #0x04	; 4
      000189 04                    1489 	.db #0x04	; 4
      00018A 78                    1490 	.db #0x78	; 120	'x'
      00018B 38                    1491 	.db #0x38	; 56	'8'
      00018C 44                    1492 	.db #0x44	; 68	'D'
      00018D 44                    1493 	.db #0x44	; 68	'D'
      00018E 44                    1494 	.db #0x44	; 68	'D'
      00018F 38                    1495 	.db #0x38	; 56	'8'
      000190 7C                    1496 	.db #0x7c	; 124
      000191 14                    1497 	.db #0x14	; 20
      000192 14                    1498 	.db #0x14	; 20
      000193 14                    1499 	.db #0x14	; 20
      000194 08                    1500 	.db #0x08	; 8
      000195 08                    1501 	.db #0x08	; 8
      000196 14                    1502 	.db #0x14	; 20
      000197 14                    1503 	.db #0x14	; 20
      000198 14                    1504 	.db #0x14	; 20
      000199 7C                    1505 	.db #0x7c	; 124
      00019A 7C                    1506 	.db #0x7c	; 124
      00019B 08                    1507 	.db #0x08	; 8
      00019C 04                    1508 	.db #0x04	; 4
      00019D 04                    1509 	.db #0x04	; 4
      00019E 08                    1510 	.db #0x08	; 8
      00019F 48                    1511 	.db #0x48	; 72	'H'
      0001A0 54                    1512 	.db #0x54	; 84	'T'
      0001A1 54                    1513 	.db #0x54	; 84	'T'
      0001A2 54                    1514 	.db #0x54	; 84	'T'
      0001A3 20                    1515 	.db #0x20	; 32
      0001A4 04                    1516 	.db #0x04	; 4
      0001A5 3F                    1517 	.db #0x3f	; 63
      0001A6 44                    1518 	.db #0x44	; 68	'D'
      0001A7 40                    1519 	.db #0x40	; 64
      0001A8 20                    1520 	.db #0x20	; 32
      0001A9 3C                    1521 	.db #0x3c	; 60
      0001AA 40                    1522 	.db #0x40	; 64
      0001AB 40                    1523 	.db #0x40	; 64
      0001AC 20                    1524 	.db #0x20	; 32
      0001AD 7C                    1525 	.db #0x7c	; 124
      0001AE 1C                    1526 	.db #0x1c	; 28
      0001AF 20                    1527 	.db #0x20	; 32
      0001B0 40                    1528 	.db #0x40	; 64
      0001B1 20                    1529 	.db #0x20	; 32
      0001B2 1C                    1530 	.db #0x1c	; 28
      0001B3 3C                    1531 	.db #0x3c	; 60
      0001B4 40                    1532 	.db #0x40	; 64
      0001B5 30                    1533 	.db #0x30	; 48	'0'
      0001B6 40                    1534 	.db #0x40	; 64
      0001B7 3C                    1535 	.db #0x3c	; 60
      0001B8 44                    1536 	.db #0x44	; 68	'D'
      0001B9 28                    1537 	.db #0x28	; 40
      0001BA 10                    1538 	.db #0x10	; 16
      0001BB 28                    1539 	.db #0x28	; 40
      0001BC 44                    1540 	.db #0x44	; 68	'D'
      0001BD 0C                    1541 	.db #0x0c	; 12
      0001BE 50                    1542 	.db #0x50	; 80	'P'
      0001BF 50                    1543 	.db #0x50	; 80	'P'
      0001C0 50                    1544 	.db #0x50	; 80	'P'
      0001C1 3C                    1545 	.db #0x3c	; 60
      0001C2 44                    1546 	.db #0x44	; 68	'D'
      0001C3 64                    1547 	.db #0x64	; 100	'd'
      0001C4 54                    1548 	.db #0x54	; 84	'T'
      0001C5 4C                    1549 	.db #0x4c	; 76	'L'
      0001C6 44                    1550 	.db #0x44	; 68	'D'
      0001C7 00                    1551 	.db #0x00	; 0
      0001C8 08                    1552 	.db #0x08	; 8
      0001C9 36                    1553 	.db #0x36	; 54	'6'
      0001CA 41                    1554 	.db #0x41	; 65	'A'
      0001CB 00                    1555 	.db #0x00	; 0
      0001CC 00                    1556 	.db #0x00	; 0
      0001CD 00                    1557 	.db #0x00	; 0
      0001CE 7F                    1558 	.db #0x7f	; 127
      0001CF 00                    1559 	.db #0x00	; 0
      0001D0 00                    1560 	.db #0x00	; 0
      0001D1 00                    1561 	.db #0x00	; 0
      0001D2 41                    1562 	.db #0x41	; 65	'A'
      0001D3 36                    1563 	.db #0x36	; 54	'6'
      0001D4 08                    1564 	.db #0x08	; 8
      0001D5 00                    1565 	.db #0x00	; 0
      0001D6 10                    1566 	.db #0x10	; 16
      0001D7 08                    1567 	.db #0x08	; 8
      0001D8 08                    1568 	.db #0x08	; 8
      0001D9 10                    1569 	.db #0x10	; 16
      0001DA 08                    1570 	.db #0x08	; 8
      0001DB 00                    1571 	.db #0x00	; 0
      0001DC 00                    1572 	.db #0x00	; 0
      0001DD 00                    1573 	.db #0x00	; 0
      0001DE 00                    1574 	.db #0x00	; 0
      0001DF 00                    1575 	.db #0x00	; 0
                                   1576 	.area CONST   (CODE)
      0001E0                       1577 ___str_0:
      0001E0 53 74 65 70 70 65 72  1578 	.ascii "Stepper State: %d "
             20 53 74 61 74 65 3A
             20 25 64 20
      0001F2 0D                    1579 	.db 0x0d
      0001F3 00                    1580 	.db 0x00
                                   1581 	.area CSEG    (CODE)
                                   1582 	.area XINIT   (CODE)
                                   1583 	.area CABS    (ABS,CODE)
